<?xml version="1.0" encoding="UTF-8"?>
<coverage generated="1611185631623" clover="3.2.0">
  <project timestamp="1611185631623" name="All files">
    <metrics statements="54" coveredstatements="38" conditionals="4" coveredconditionals="0" methods="13" coveredmethods="4" elements="71" coveredelements="42" complexity="0" loc="54" ncloc="54" packages="1" files="5" classes="5"/>
    <file name="App.jsx" path="/Users/jacky/Documents/Workspace/FEC/photo_gallery/client/src/components/App.jsx">
      <metrics statements="11" coveredstatements="7" conditionals="0" coveredconditionals="0" methods="8" coveredmethods="4"/>
      <line num="9" count="2" type="stmt"/>
      <line num="11" count="2" type="stmt"/>
      <line num="14" count="2" type="stmt"/>
      <line num="18" count="2" type="stmt"/>
      <line num="22" count="2" type="stmt"/>
      <line num="24" count="0" type="stmt"/>
      <line num="27" count="0" type="stmt"/>
      <line num="32" count="2" type="stmt"/>
      <line num="33" count="2" type="stmt"/>
      <line num="35" count="0" type="stmt"/>
      <line num="36" count="0" type="stmt"/>
    </file>
    <file name="Gallery.jsx" path="/Users/jacky/Documents/Workspace/FEC/photo_gallery/client/src/components/Gallery.jsx">
      <metrics statements="20" coveredstatements="16" conditionals="0" coveredconditionals="0" methods="1" coveredmethods="0"/>
      <line num="4" count="1" type="stmt"/>
      <line num="8" count="1" type="stmt"/>
      <line num="12" count="1" type="stmt"/>
      <line num="15" count="1" type="stmt"/>
      <line num="18" count="1" type="stmt"/>
      <line num="22" count="1" type="stmt"/>
      <line num="28" count="1" type="stmt"/>
      <line num="33" count="1" type="stmt"/>
      <line num="43" count="1" type="stmt"/>
      <line num="48" count="1" type="stmt"/>
      <line num="54" count="1" type="stmt"/>
      <line num="74" count="1" type="stmt"/>
      <line num="78" count="1" type="stmt"/>
      <line num="81" count="1" type="stmt"/>
      <line num="86" count="1" type="stmt"/>
      <line num="94" count="1" type="stmt"/>
      <line num="95" count="0" type="stmt"/>
      <line num="96" count="0" type="stmt"/>
      <line num="97" count="0" type="stmt"/>
      <line num="99" count="0" type="stmt"/>
    </file>
    <file name="Header.jsx" path="/Users/jacky/Documents/Workspace/FEC/photo_gallery/client/src/components/Header.jsx">
      <metrics statements="16" coveredstatements="13" conditionals="4" coveredconditionals="0" methods="1" coveredmethods="0"/>
      <line num="6" count="1" type="stmt"/>
      <line num="12" count="1" type="stmt"/>
      <line num="16" count="1" type="stmt"/>
      <line num="22" count="1" type="stmt"/>
      <line num="28" count="1" type="stmt"/>
      <line num="35" count="1" type="stmt"/>
      <line num="38" count="1" type="stmt"/>
      <line num="41" count="1" type="stmt"/>
      <line num="45" count="1" type="stmt"/>
      <line num="49" count="1" type="stmt"/>
      <line num="50" count="1" type="stmt"/>
      <line num="54" count="1" type="stmt"/>
      <line num="66" count="1" type="stmt"/>
      <line num="69" count="0" type="stmt"/>
      <line num="70" count="0" type="stmt"/>
      <line num="71" count="0" type="stmt"/>
    </file>
    <file name="Item.jsx" path="/Users/jacky/Documents/Workspace/FEC/photo_gallery/client/src/components/Item.jsx">
      <metrics statements="3" coveredstatements="1" conditionals="0" coveredconditionals="0" methods="1" coveredmethods="0"/>
      <line num="5" count="1" type="stmt"/>
      <line num="6" count="0" type="stmt"/>
      <line num="7" count="0" type="stmt"/>
    </file>
    <file name="List.jsx" path="/Users/jacky/Documents/Workspace/FEC/photo_gallery/client/src/components/List.jsx">
      <metrics statements="4" coveredstatements="1" conditionals="0" coveredconditionals="0" methods="2" coveredmethods="0"/>
      <line num="4" count="1" type="stmt"/>
      <line num="5" count="0" type="stmt"/>
      <line num="6" count="0" type="stmt"/>
      <line num="9" count="0" type="stmt"/>
    </file>
  </project>
</coverage>
