{"/Users/jacky/Documents/Workspace/FEC/photo_gallery/client/src/components/App.jsx": {"path":"/Users/jacky/Documents/Workspace/FEC/photo_gallery/client/src/components/App.jsx","statementMap":{"0":{"start":{"line":9,"column":4},"end":{"line":9,"column":17}},"1":{"start":{"line":11,"column":4},"end":{"line":13,"column":6}},"2":{"start":{"line":14,"column":4},"end":{"line":14,"column":57}},"3":{"start":{"line":18,"column":4},"end":{"line":18,"column":27}},"4":{"start":{"line":22,"column":4},"end":{"line":28,"column":9}},"5":{"start":{"line":24,"column":8},"end":{"line":24,"column":46}},"6":{"start":{"line":27,"column":8},"end":{"line":27,"column":20}},"7":{"start":{"line":32,"column":25},"end":{"line":32,"column":35}},"8":{"start":{"line":33,"column":4},"end":{"line":39,"column":6}},"9":{"start":{"line":35,"column":34},"end":{"line":35,"column":62}},"10":{"start":{"line":36,"column":34},"end":{"line":36,"column":63}}},"fnMap":{"0":{"name":"(anonymous_0)","decl":{"start":{"line":8,"column":2},"end":{"line":8,"column":3}},"loc":{"start":{"line":8,"column":21},"end":{"line":15,"column":3}},"line":8},"1":{"name":"(anonymous_1)","decl":{"start":{"line":17,"column":2},"end":{"line":17,"column":3}},"loc":{"start":{"line":17,"column":22},"end":{"line":19,"column":3}},"line":17},"2":{"name":"(anonymous_2)","decl":{"start":{"line":21,"column":2},"end":{"line":21,"column":3}},"loc":{"start":{"line":21,"column":21},"end":{"line":29,"column":3}},"line":21},"3":{"name":"(anonymous_3)","decl":{"start":{"line":23,"column":12},"end":{"line":23,"column":13}},"loc":{"start":{"line":23,"column":21},"end":{"line":25,"column":7}},"line":23},"4":{"name":"(anonymous_4)","decl":{"start":{"line":26,"column":13},"end":{"line":26,"column":14}},"loc":{"start":{"line":26,"column":22},"end":{"line":28,"column":7}},"line":26},"5":{"name":"(anonymous_5)","decl":{"start":{"line":31,"column":2},"end":{"line":31,"column":3}},"loc":{"start":{"line":31,"column":11},"end":{"line":40,"column":3}},"line":31},"6":{"name":"(anonymous_6)","decl":{"start":{"line":35,"column":22},"end":{"line":35,"column":23}},"loc":{"start":{"line":35,"column":34},"end":{"line":35,"column":62}},"line":35},"7":{"name":"(anonymous_7)","decl":{"start":{"line":36,"column":22},"end":{"line":36,"column":23}},"loc":{"start":{"line":36,"column":34},"end":{"line":36,"column":63}},"line":36}},"branchMap":{},"s":{"0":2,"1":2,"2":2,"3":2,"4":2,"5":0,"6":0,"7":2,"8":2,"9":0,"10":0},"f":{"0":2,"1":2,"2":2,"3":0,"4":0,"5":2,"6":0,"7":0},"b":{},"_coverageSchema":"1a1c01bbd47fc00a2c39e90264f33305004495a9","hash":"01a556617f58f2c03cf2d893812293b23053d92f"}
,"/Users/jacky/Documents/Workspace/FEC/photo_gallery/client/src/components/Gallery.jsx": {"path":"/Users/jacky/Documents/Workspace/FEC/photo_gallery/client/src/components/Gallery.jsx","statementMap":{"0":{"start":{"line":4,"column":18},"end":{"line":7,"column":1}},"1":{"start":{"line":8,"column":25},"end":{"line":11,"column":1}},"2":{"start":{"line":12,"column":21},"end":{"line":14,"column":1}},"3":{"start":{"line":15,"column":24},"end":{"line":17,"column":1}},"4":{"start":{"line":18,"column":13},"end":{"line":21,"column":1}},"5":{"start":{"line":22,"column":13},"end":{"line":27,"column":1}},"6":{"start":{"line":28,"column":19},"end":{"line":32,"column":1}},"7":{"start":{"line":33,"column":20},"end":{"line":42,"column":1}},"8":{"start":{"line":43,"column":23},"end":{"line":47,"column":1}},"9":{"start":{"line":48,"column":22},"end":{"line":53,"column":1}},"10":{"start":{"line":54,"column":19},"end":{"line":73,"column":1}},"11":{"start":{"line":74,"column":26},"end":{"line":77,"column":1}},"12":{"start":{"line":78,"column":17},"end":{"line":80,"column":1}},"13":{"start":{"line":81,"column":17},"end":{"line":85,"column":1}},"14":{"start":{"line":86,"column":19},"end":{"line":92,"column":1}},"15":{"start":{"line":94,"column":16},"end":{"line":138,"column":1}},"16":{"start":{"line":95,"column":23},"end":{"line":95,"column":28}},"17":{"start":{"line":96,"column":22},"end":{"line":96,"column":30}},"18":{"start":{"line":97,"column":2},"end":{"line":97,"column":23}},"19":{"start":{"line":99,"column":2},"end":{"line":137,"column":4}}},"fnMap":{"0":{"name":"(anonymous_0)","decl":{"start":{"line":94,"column":16},"end":{"line":94,"column":17}},"loc":{"start":{"line":94,"column":27},"end":{"line":138,"column":1}},"line":94}},"branchMap":{},"s":{"0":1,"1":1,"2":1,"3":1,"4":1,"5":1,"6":1,"7":1,"8":1,"9":1,"10":1,"11":1,"12":1,"13":1,"14":1,"15":1,"16":0,"17":0,"18":0,"19":0},"f":{"0":0},"b":{},"_coverageSchema":"1a1c01bbd47fc00a2c39e90264f33305004495a9","hash":"4348f57ad2fc0cd4ab6a551579ea633c3462fcca"}
,"/Users/jacky/Documents/Workspace/FEC/photo_gallery/client/src/components/Header.jsx": {"path":"/Users/jacky/Documents/Workspace/FEC/photo_gallery/client/src/components/Header.jsx","statementMap":{"0":{"start":{"line":6,"column":20},"end":{"line":11,"column":3}},"1":{"start":{"line":12,"column":17},"end":{"line":15,"column":3}},"2":{"start":{"line":16,"column":23},"end":{"line":21,"column":3}},"3":{"start":{"line":22,"column":22},"end":{"line":27,"column":3}},"4":{"start":{"line":28,"column":18},"end":{"line":34,"column":3}},"5":{"start":{"line":35,"column":18},"end":{"line":37,"column":3}},"6":{"start":{"line":38,"column":15},"end":{"line":40,"column":3}},"7":{"start":{"line":41,"column":18},"end":{"line":44,"column":3}},"8":{"start":{"line":45,"column":16},"end":{"line":48,"column":3}},"9":{"start":{"line":49,"column":19},"end":{"line":49,"column":31}},"10":{"start":{"line":50,"column":17},"end":{"line":53,"column":3}},"11":{"start":{"line":54,"column":15},"end":{"line":65,"column":3}},"12":{"start":{"line":66,"column":15},"end":{"line":98,"column":1}},"13":{"start":{"line":69,"column":6},"end":{"line":69,"column":14}},"14":{"start":{"line":70,"column":35},"end":{"line":70,"column":43}},"15":{"start":{"line":71,"column":2},"end":{"line":97,"column":4}}},"fnMap":{"0":{"name":"(anonymous_0)","decl":{"start":{"line":66,"column":15},"end":{"line":66,"column":16}},"loc":{"start":{"line":66,"column":33},"end":{"line":98,"column":1}},"line":66}},"branchMap":{"0":{"loc":{"start":{"line":87,"column":11},"end":{"line":87,"column":44}},"type":"cond-expr","locations":[{"start":{"line":87,"column":25},"end":{"line":87,"column":36}},{"start":{"line":87,"column":39},"end":{"line":87,"column":44}}],"line":87},"1":{"loc":{"start":{"line":88,"column":11},"end":{"line":88,"column":57}},"type":"cond-expr","locations":[{"start":{"line":88,"column":25},"end":{"line":88,"column":49}},{"start":{"line":88,"column":52},"end":{"line":88,"column":57}}],"line":88}},"s":{"0":1,"1":1,"2":1,"3":1,"4":1,"5":1,"6":1,"7":1,"8":1,"9":1,"10":1,"11":1,"12":1,"13":0,"14":0,"15":0},"f":{"0":0},"b":{"0":[0,0],"1":[0,0]},"_coverageSchema":"1a1c01bbd47fc00a2c39e90264f33305004495a9","hash":"5d6613b77e1eefa5ff24406708949ad39f35227a"}
,"/Users/jacky/Documents/Workspace/FEC/photo_gallery/client/src/components/Item.jsx": {"path":"/Users/jacky/Documents/Workspace/FEC/photo_gallery/client/src/components/Item.jsx","statementMap":{"0":{"start":{"line":5,"column":13},"end":{"line":24,"column":1}},"1":{"start":{"line":6,"column":52},"end":{"line":6,"column":59}},"2":{"start":{"line":7,"column":2},"end":{"line":23,"column":4}}},"fnMap":{"0":{"name":"(anonymous_0)","decl":{"start":{"line":5,"column":13},"end":{"line":5,"column":14}},"loc":{"start":{"line":5,"column":30},"end":{"line":24,"column":1}},"line":5}},"branchMap":{},"s":{"0":1,"1":0,"2":0},"f":{"0":0},"b":{},"_coverageSchema":"1a1c01bbd47fc00a2c39e90264f33305004495a9","hash":"21b47cdff4cfe3f3d743484c993ef55e97fc4547"}
,"/Users/jacky/Documents/Workspace/FEC/photo_gallery/client/src/components/List.jsx": {"path":"/Users/jacky/Documents/Workspace/FEC/photo_gallery/client/src/components/List.jsx","statementMap":{"0":{"start":{"line":4,"column":13},"end":{"line":13,"column":1}},"1":{"start":{"line":5,"column":22},"end":{"line":5,"column":30}},"2":{"start":{"line":6,"column":2},"end":{"line":12,"column":4}},"3":{"start":{"line":9,"column":34},"end":{"line":9,"column":60}}},"fnMap":{"0":{"name":"(anonymous_0)","decl":{"start":{"line":4,"column":13},"end":{"line":4,"column":14}},"loc":{"start":{"line":4,"column":31},"end":{"line":13,"column":1}},"line":4},"1":{"name":"(anonymous_1)","decl":{"start":{"line":9,"column":21},"end":{"line":9,"column":22}},"loc":{"start":{"line":9,"column":34},"end":{"line":9,"column":60}},"line":9}},"branchMap":{},"s":{"0":1,"1":0,"2":0,"3":0},"f":{"0":0,"1":0},"b":{},"_coverageSchema":"1a1c01bbd47fc00a2c39e90264f33305004495a9","hash":"f6a857943870b9f20a529af0cfb4f28cb6a77f1e"}
}
