TN:
SF:client/src/components/App.jsx
FN:8,(anonymous_0)
FN:17,(anonymous_1)
FN:21,(anonymous_2)
FN:23,(anonymous_3)
FN:26,(anonymous_4)
FN:31,(anonymous_5)
FN:35,(anonymous_6)
FN:36,(anonymous_7)
FNF:8
FNH:4
FNDA:2,(anonymous_0)
FNDA:2,(anonymous_1)
FNDA:2,(anonymous_2)
FNDA:0,(anonymous_3)
FNDA:0,(anonymous_4)
FNDA:2,(anonymous_5)
FNDA:0,(anonymous_6)
FNDA:0,(anonymous_7)
DA:9,2
DA:11,2
DA:14,2
DA:18,2
DA:22,2
DA:24,0
DA:27,0
DA:32,2
DA:33,2
DA:35,0
DA:36,0
LF:11
LH:7
BRF:0
BRH:0
end_of_record
TN:
SF:client/src/components/Gallery.jsx
FN:94,(anonymous_0)
FNF:1
FNH:0
FNDA:0,(anonymous_0)
DA:4,1
DA:8,1
DA:12,1
DA:15,1
DA:18,1
DA:22,1
DA:28,1
DA:33,1
DA:43,1
DA:48,1
DA:54,1
DA:74,1
DA:78,1
DA:81,1
DA:86,1
DA:94,1
DA:95,0
DA:96,0
DA:97,0
DA:99,0
LF:20
LH:16
BRF:0
BRH:0
end_of_record
TN:
SF:client/src/components/Header.jsx
FN:66,(anonymous_0)
FNF:1
FNH:0
FNDA:0,(anonymous_0)
DA:6,1
DA:12,1
DA:16,1
DA:22,1
DA:28,1
DA:35,1
DA:38,1
DA:41,1
DA:45,1
DA:49,1
DA:50,1
DA:54,1
DA:66,1
DA:69,0
DA:70,0
DA:71,0
LF:16
LH:13
BRDA:87,0,0,0
BRDA:87,0,1,0
BRDA:88,1,0,0
BRDA:88,1,1,0
BRF:4
BRH:0
end_of_record
TN:
SF:client/src/components/Item.jsx
FN:5,(anonymous_0)
FNF:1
FNH:0
FNDA:0,(anonymous_0)
DA:5,1
DA:6,0
DA:7,0
LF:3
LH:1
BRF:0
BRH:0
end_of_record
TN:
SF:client/src/components/List.jsx
FN:4,(anonymous_0)
FN:9,(anonymous_1)
FNF:2
FNH:0
FNDA:0,(anonymous_0)
FNDA:0,(anonymous_1)
DA:4,1
DA:5,0
DA:6,0
DA:9,0
LF:4
LH:1
BRF:0
BRH:0
end_of_record
